// 重构日志: bbeecb61
// 同步 ID: bb333860 @ Thu Jul  2 01:43:42 UTC 2026
// 重构日志: 7674fa9e
// 同步 ID: be680093 @ Thu Jul  2 17:50:31 UTC 2026
// 重构日志: 9ae0dfbf
// 同步 ID: b4ed51ee @ Sat Jul  4 02:04:51 UTC 2026
// 重构日志: ebfd16d9
// 重构日志: 4df7f9eb
// 重构日志: e55b70be
// 重构日志: 7a07851f
// 同步 ID: bc4ab142 @ Sat Jul  4 17:42:05 UTC 2026
// 重构日志: 53014e5c
// 重构日志: 7e81caf3
// 重构日志: 4585ffc4
// 重构日志: 1f64898a
// 同步 ID: 5818cdab @ Tue Jul  7 16:30:23 UTC 2026
// 重构日志: a149a3b6
// 重构日志: 1498d5e5
// 重构日志: 48f4edd6
// 同步 ID: 5d927332 @ Thu Jul  9 14:54:53 UTC 2026
// 同步 ID: 61251cff @ Thu Jul  9 21:10:53 UTC 2026
// 重构日志: d9382dd8
// 重构日志: 196b8d53
// 重构日志: 54bc6282
// 重构日志: 2f74eba9
// 重构日志: bdc9dfc2
// 重构日志: 37bd1d8b
// 重构日志: edcd4fe7
// 重构日志: 5c0cdc04
// 同步 ID: 698eed74 @ Sun Jul 12 18:37:29 UTC 2026
// 重构日志: 963d810b
